00:49:21 **** Incremental Build of configuration Debug for project PP ****
Info: Internal Builder is used for build
gcc -O0 -g3 -Wall -c -fmessage-length=0 -o "src\\PP.o" "..\\src\\PP.c" 
..\src\PP.c: In function 'main':
..\src\PP.c:155:9: warning: implicit declaration of function 'modificarCensista' [-Wimplicit-function-declaration]
  155 |         modificarCensista(&censistas[indexCensistaSeleccionado], nuevoDato, opcionMenuModificaciones) == 0){
      |         ^~~~~~~~~~~~~~~~~
..\src\PP.c:48:6: warning: unused variable 'censadosAusentes' [-Wunused-variable]
   48 |  int censadosAusentes;
      |      ^~~~~~~~~~~~~~~~
..\src\PP.c:47:6: warning: unused variable 'censadosVirtuales' [-Wunused-variable]
   47 |  int censadosVirtuales;
      |      ^~~~~~~~~~~~~~~~~
..\src\PP.c:46:6: warning: unused variable 'censadosInSituZona' [-Wunused-variable]
   46 |  int censadosInSituZona;
      |      ^~~~~~~~~~~~~~~~~~
..\src\PP.c:37:6: warning: unused variable 'zonaAsignadaCensista' [-Wunused-variable]
   37 |  int zonaAsignadaCensista;
      |      ^~~~~~~~~~~~~~~~~~~~
..\src\PP.c:36:6: warning: unused variable 'estadoCensista' [-Wunused-variable]
   36 |  int estadoCensista;
      |      ^~~~~~~~~~~~~~
gcc -o PP.exe "src\\Censista.o" "src\\PP.o" "src\\UTN.o" "src\\Zona.o" 

00:49:21 Build Finished. 0 errors, 6 warnings. (took 385ms)

